<?xml version="1.0" encoding="UTF-8"?>
<robot generator="Robot 3.1.1 (Python 3.8.10 on win32)" generated="20210509 16:27:57.474" rpa="false">
<suite id="s1" name="Testsuites1" source="C:\Users\g.lamri\eclipse-workspace\RobotProjext1\test\Testsuites1.robot">
<kw name="Log" library="BuiltIn" type="setup">
<doc>Logs the given message with the given level.</doc>
<arguments>
<arg>I AM INSIDE TEST SUITE SETUP</arg>
</arguments>
<msg timestamp="20210509 16:27:57.655" level="INFO">I AM INSIDE TEST SUITE SETUP</msg>
<status status="PASS" starttime="20210509 16:27:57.655" endtime="20210509 16:27:57.655"></status>
</kw>
<test id="s1-t1" name="MyFirstTest">
<kw name="Log" library="BuiltIn" type="setup">
<doc>Logs the given message with the given level.</doc>
<arguments>
<arg>I AM INSIDE TEST SETUP</arg>
</arguments>
<msg timestamp="20210509 16:27:57.656" level="INFO">I AM INSIDE TEST SETUP</msg>
<status status="PASS" starttime="20210509 16:27:57.656" endtime="20210509 16:27:57.656"></status>
</kw>
<kw name="Log" library="BuiltIn">
<doc>Logs the given message with the given level.</doc>
<arguments>
<arg>1 TEST !!!</arg>
</arguments>
<msg timestamp="20210509 16:27:57.657" level="INFO">1 TEST !!!</msg>
<status status="PASS" starttime="20210509 16:27:57.656" endtime="20210509 16:27:57.657"></status>
</kw>
<kw name="Log" library="BuiltIn" type="teardown">
<doc>Logs the given message with the given level.</doc>
<arguments>
<arg>I AM INSIDE TEST TEARDOWN</arg>
</arguments>
<msg timestamp="20210509 16:27:57.657" level="INFO">I AM INSIDE TEST TEARDOWN</msg>
<status status="PASS" starttime="20210509 16:27:57.657" endtime="20210509 16:27:57.657"></status>
</kw>
<tags>
<tag>smokk</tag>
</tags>
<status status="PASS" starttime="20210509 16:27:57.655" endtime="20210509 16:27:57.657" critical="yes"></status>
</test>
<test id="s1-t2" name="MyThirdTest">
<kw name="Log" library="BuiltIn" type="setup">
<doc>Logs the given message with the given level.</doc>
<arguments>
<arg>I AM INSIDE TEST SETUP</arg>
</arguments>
<msg timestamp="20210509 16:27:57.659" level="INFO">I AM INSIDE TEST SETUP</msg>
<status status="PASS" starttime="20210509 16:27:57.659" endtime="20210509 16:27:57.659"></status>
</kw>
<kw name="Log" library="BuiltIn">
<doc>Logs the given message with the given level.</doc>
<arguments>
<arg>3 TEST !!!</arg>
</arguments>
<msg timestamp="20210509 16:27:57.660" level="INFO">3 TEST !!!</msg>
<status status="PASS" starttime="20210509 16:27:57.660" endtime="20210509 16:27:57.660"></status>
</kw>
<kw name="Log" library="BuiltIn" type="teardown">
<doc>Logs the given message with the given level.</doc>
<arguments>
<arg>I AM INSIDE TEST TEARDOWN</arg>
</arguments>
<msg timestamp="20210509 16:27:57.660" level="INFO">I AM INSIDE TEST TEARDOWN</msg>
<status status="PASS" starttime="20210509 16:27:57.660" endtime="20210509 16:27:57.660"></status>
</kw>
<tags>
<tag>sanity</tag>
</tags>
<status status="PASS" starttime="20210509 16:27:57.658" endtime="20210509 16:27:57.660" critical="yes"></status>
</test>
<kw name="Log" library="BuiltIn" type="teardown">
<doc>Logs the given message with the given level.</doc>
<arguments>
<arg>I AM INSIDE TEST SUITE TEARDOWN</arg>
</arguments>
<msg timestamp="20210509 16:27:57.662" level="INFO">I AM INSIDE TEST SUITE TEARDOWN</msg>
<status status="PASS" starttime="20210509 16:27:57.661" endtime="20210509 16:27:57.662"></status>
</kw>
<status status="PASS" starttime="20210509 16:27:57.475" endtime="20210509 16:27:57.662"></status>
</suite>
<statistics>
<total>
<stat pass="2" fail="0">Critical Tests</stat>
<stat pass="2" fail="0">All Tests</stat>
</total>
<tag>
<stat pass="1" fail="0">sanity</stat>
<stat pass="1" fail="0">smokk</stat>
</tag>
<suite>
<stat pass="2" fail="0" id="s1" name="Testsuites1">Testsuites1</stat>
</suite>
</statistics>
<errors>
</errors>
</robot>
